<?xml version="1.0" encoding="UTF-8"?>
<!-- Generated by org.testng.reporters.JUnitReportReporter -->
<testsuite hostname="DESKTOP-RPI51N7" failures="0" tests="3" name="testPackage.TestClass_TestNG" time="0.021" errors="0" timestamp="2025-01-17T12:35:56 IST" skipped="0">
  <testcase classname="testPackage.TestClass_TestNG" name="testB" time="0.008"/>
  <system-out/>
  <testcase classname="testPackage.TestClass_TestNG" name="testC" time="0.002"/>
  <system-out/>
  <testcase classname="testPackage.TestClass_TestNG" name="testA" time="0.011"/>
  <system-out/>
</testsuite> <!-- testPackage.TestClass_TestNG -->
