<?xml version="1.0" encoding="UTF-8"?>
<!-- Generated by org.testng.reporters.JUnitReportReporter -->
<testsuite hostname="DESKTOP-RPI51N7" failures="0" tests="2" name="testPackage.TestClassB_TestNG" time="0.007" errors="0" timestamp="2025-01-20T12:34:02 IST" skipped="0">
  <testcase classname="testPackage.TestClassB_TestNG" name="testA" time="0.003"/>
  <system-out/>
  <testcase classname="testPackage.TestClassB_TestNG" name="testB" time="0.004"/>
  <system-out/>
</testsuite> <!-- testPackage.TestClassB_TestNG -->
