<?xml version="1.0" encoding="UTF-8"?>
<!-- Generated by org.testng.reporters.JUnitReportReporter -->
<testsuite hostname="DESKTOP-RPI51N7" failures="0" tests="1" name="test_Classes.TestClassA_TestNG" time="3.805" errors="0" timestamp="2025-02-07T17:34:07 IST" skipped="0">
  <testcase classname="test_Classes.TestClassA_TestNG" name="verifyLoginPage" time="3.805"/>
  <system-out/>
</testsuite> <!-- test_Classes.TestClassA_TestNG -->
